2020-01-09 18:44:33,644 ERROR 10460 [-/127.0.0.1/-/1ms GET /show] nodejs.ReferenceError: service is not defined
    at CommodityController.info (F:\shoppingserver\app\controller\commodity.js:8:24)
    at Object.callFn (F:\shoppingserver\node_modules\egg-core\lib\utils\index.js:44:21)
    at Object.classControllerMiddleware (F:\shoppingserver\node_modules\egg-core\lib\loader\mixin\controller.js:87:20)
    at Object.callFn (F:\shoppingserver\node_modules\@eggjs\router\lib\utils.js:12:21)
    at wrappedController (F:\shoppingserver\node_modules\@eggjs\router\lib\egg_router.js:322:18)
    at dispatch (F:\shoppingserver\node_modules\koa-compose\index.js:44:32)
    at next (F:\shoppingserver\node_modules\koa-compose\index.js:45:18)
    at F:\shoppingserver\node_modules\@eggjs\router\lib\router.js:190:18
    at dispatch (F:\shoppingserver\node_modules\koa-compose\index.js:44:32)
    at F:\shoppingserver\node_modules\koa-compose\index.js:36:12

pid: 10460
hostname: YLMF-1706051644

2020-01-09 18:46:35,659 ERROR 10460 [-/127.0.0.1/-/1ms GET /show] nodejs.ReferenceError: service is not defined
    at CommodityController.info (F:\shoppingserver\app\controller\commodity.js:8:24)
    at Object.callFn (F:\shoppingserver\node_modules\egg-core\lib\utils\index.js:44:21)
    at Object.classControllerMiddleware (F:\shoppingserver\node_modules\egg-core\lib\loader\mixin\controller.js:87:20)
    at Object.callFn (F:\shoppingserver\node_modules\@eggjs\router\lib\utils.js:12:21)
    at wrappedController (F:\shoppingserver\node_modules\@eggjs\router\lib\egg_router.js:322:18)
    at dispatch (F:\shoppingserver\node_modules\koa-compose\index.js:44:32)
    at next (F:\shoppingserver\node_modules\koa-compose\index.js:45:18)
    at F:\shoppingserver\node_modules\@eggjs\router\lib\router.js:190:18
    at dispatch (F:\shoppingserver\node_modules\koa-compose\index.js:44:32)
    at F:\shoppingserver\node_modules\koa-compose\index.js:36:12

pid: 10460
hostname: YLMF-1706051644

2020-01-09 18:46:38,774 ERROR 10460 [-/127.0.0.1/-/1ms GET /show] nodejs.ReferenceError: service is not defined
    at CommodityController.info (F:\shoppingserver\app\controller\commodity.js:8:24)
    at Object.callFn (F:\shoppingserver\node_modules\egg-core\lib\utils\index.js:44:21)
    at Object.classControllerMiddleware (F:\shoppingserver\node_modules\egg-core\lib\loader\mixin\controller.js:87:20)
    at Object.callFn (F:\shoppingserver\node_modules\@eggjs\router\lib\utils.js:12:21)
    at wrappedController (F:\shoppingserver\node_modules\@eggjs\router\lib\egg_router.js:322:18)
    at dispatch (F:\shoppingserver\node_modules\koa-compose\index.js:44:32)
    at next (F:\shoppingserver\node_modules\koa-compose\index.js:45:18)
    at F:\shoppingserver\node_modules\@eggjs\router\lib\router.js:190:18
    at dispatch (F:\shoppingserver\node_modules\koa-compose\index.js:44:32)
    at F:\shoppingserver\node_modules\koa-compose\index.js:36:12

pid: 10460
hostname: YLMF-1706051644

2020-01-09 18:55:24,763 ERROR 7020 [-/127.0.0.1/-/1ms GET /show] nodejs.ReferenceError: service is not defined
    at CommodityController.info (F:\shoppingserver\app\controller\commodity.js:8:24)
    at Object.callFn (F:\shoppingserver\node_modules\egg-core\lib\utils\index.js:44:21)
    at Object.classControllerMiddleware (F:\shoppingserver\node_modules\egg-core\lib\loader\mixin\controller.js:87:20)
    at Object.callFn (F:\shoppingserver\node_modules\@eggjs\router\lib\utils.js:12:21)
    at wrappedController (F:\shoppingserver\node_modules\@eggjs\router\lib\egg_router.js:322:18)
    at dispatch (F:\shoppingserver\node_modules\koa-compose\index.js:44:32)
    at next (F:\shoppingserver\node_modules\koa-compose\index.js:45:18)
    at F:\shoppingserver\node_modules\@eggjs\router\lib\router.js:190:18
    at dispatch (F:\shoppingserver\node_modules\koa-compose\index.js:44:32)
    at F:\shoppingserver\node_modules\koa-compose\index.js:36:12

pid: 7020
hostname: YLMF-1706051644

2020-01-09 18:55:44,900 ERROR 7020 [-/127.0.0.1/-/1ms GET /show] nodejs.ReferenceError: service is not defined
    at CommodityController.info (F:\shoppingserver\app\controller\commodity.js:8:24)
    at Object.callFn (F:\shoppingserver\node_modules\egg-core\lib\utils\index.js:44:21)
    at Object.classControllerMiddleware (F:\shoppingserver\node_modules\egg-core\lib\loader\mixin\controller.js:87:20)
    at Object.callFn (F:\shoppingserver\node_modules\@eggjs\router\lib\utils.js:12:21)
    at wrappedController (F:\shoppingserver\node_modules\@eggjs\router\lib\egg_router.js:322:18)
    at dispatch (F:\shoppingserver\node_modules\koa-compose\index.js:44:32)
    at next (F:\shoppingserver\node_modules\koa-compose\index.js:45:18)
    at F:\shoppingserver\node_modules\@eggjs\router\lib\router.js:190:18
    at dispatch (F:\shoppingserver\node_modules\koa-compose\index.js:44:32)
    at F:\shoppingserver\node_modules\koa-compose\index.js:36:12

pid: 7020
hostname: YLMF-1706051644

2020-01-09 19:20:13,540 ERROR 7020 [-/127.0.0.1/-/1ms GET /show] nodejs.ReferenceError: service is not defined
    at CommodityController.info (F:\shoppingserver\app\controller\commodity.js:8:24)
    at Object.callFn (F:\shoppingserver\node_modules\egg-core\lib\utils\index.js:44:21)
    at Object.classControllerMiddleware (F:\shoppingserver\node_modules\egg-core\lib\loader\mixin\controller.js:87:20)
    at Object.callFn (F:\shoppingserver\node_modules\@eggjs\router\lib\utils.js:12:21)
    at wrappedController (F:\shoppingserver\node_modules\@eggjs\router\lib\egg_router.js:322:18)
    at dispatch (F:\shoppingserver\node_modules\koa-compose\index.js:44:32)
    at next (F:\shoppingserver\node_modules\koa-compose\index.js:45:18)
    at F:\shoppingserver\node_modules\@eggjs\router\lib\router.js:190:18
    at dispatch (F:\shoppingserver\node_modules\koa-compose\index.js:44:32)
    at F:\shoppingserver\node_modules\koa-compose\index.js:36:12

pid: 7020
hostname: YLMF-1706051644

2020-01-09 19:20:43,173 ERROR 7020 [-/127.0.0.1/-/1ms GET /show] nodejs.ReferenceError: service is not defined
    at CommodityController.info (F:\shoppingserver\app\controller\commodity.js:8:24)
    at Object.callFn (F:\shoppingserver\node_modules\egg-core\lib\utils\index.js:44:21)
    at Object.classControllerMiddleware (F:\shoppingserver\node_modules\egg-core\lib\loader\mixin\controller.js:87:20)
    at Object.callFn (F:\shoppingserver\node_modules\@eggjs\router\lib\utils.js:12:21)
    at wrappedController (F:\shoppingserver\node_modules\@eggjs\router\lib\egg_router.js:322:18)
    at dispatch (F:\shoppingserver\node_modules\koa-compose\index.js:44:32)
    at next (F:\shoppingserver\node_modules\koa-compose\index.js:45:18)
    at F:\shoppingserver\node_modules\@eggjs\router\lib\router.js:190:18
    at dispatch (F:\shoppingserver\node_modules\koa-compose\index.js:44:32)
    at F:\shoppingserver\node_modules\koa-compose\index.js:36:12

pid: 7020
hostname: YLMF-1706051644

2020-01-09 19:21:22,125 ERROR 7020 [-/127.0.0.1/-/0ms GET /show] nodejs.ReferenceError: service is not defined
    at CommodityController.info (F:\shoppingserver\app\controller\commodity.js:8:24)
    at Object.callFn (F:\shoppingserver\node_modules\egg-core\lib\utils\index.js:44:21)
    at Object.classControllerMiddleware (F:\shoppingserver\node_modules\egg-core\lib\loader\mixin\controller.js:87:20)
    at Object.callFn (F:\shoppingserver\node_modules\@eggjs\router\lib\utils.js:12:21)
    at wrappedController (F:\shoppingserver\node_modules\@eggjs\router\lib\egg_router.js:322:18)
    at dispatch (F:\shoppingserver\node_modules\koa-compose\index.js:44:32)
    at next (F:\shoppingserver\node_modules\koa-compose\index.js:45:18)
    at F:\shoppingserver\node_modules\@eggjs\router\lib\router.js:190:18
    at dispatch (F:\shoppingserver\node_modules\koa-compose\index.js:44:32)
    at F:\shoppingserver\node_modules\koa-compose\index.js:36:12

pid: 7020
hostname: YLMF-1706051644

2020-01-09 19:21:22,615 ERROR 7020 [-/127.0.0.1/-/0ms GET /show] nodejs.ReferenceError: service is not defined
    at CommodityController.info (F:\shoppingserver\app\controller\commodity.js:8:24)
    at Object.callFn (F:\shoppingserver\node_modules\egg-core\lib\utils\index.js:44:21)
    at Object.classControllerMiddleware (F:\shoppingserver\node_modules\egg-core\lib\loader\mixin\controller.js:87:20)
    at Object.callFn (F:\shoppingserver\node_modules\@eggjs\router\lib\utils.js:12:21)
    at wrappedController (F:\shoppingserver\node_modules\@eggjs\router\lib\egg_router.js:322:18)
    at dispatch (F:\shoppingserver\node_modules\koa-compose\index.js:44:32)
    at next (F:\shoppingserver\node_modules\koa-compose\index.js:45:18)
    at F:\shoppingserver\node_modules\@eggjs\router\lib\router.js:190:18
    at dispatch (F:\shoppingserver\node_modules\koa-compose\index.js:44:32)
    at F:\shoppingserver\node_modules\koa-compose\index.js:36:12

pid: 7020
hostname: YLMF-1706051644

2020-01-09 19:21:23,489 ERROR 7020 [-/127.0.0.1/-/0ms GET /show] nodejs.ReferenceError: service is not defined
    at CommodityController.info (F:\shoppingserver\app\controller\commodity.js:8:24)
    at Object.callFn (F:\shoppingserver\node_modules\egg-core\lib\utils\index.js:44:21)
    at Object.classControllerMiddleware (F:\shoppingserver\node_modules\egg-core\lib\loader\mixin\controller.js:87:20)
    at Object.callFn (F:\shoppingserver\node_modules\@eggjs\router\lib\utils.js:12:21)
    at wrappedController (F:\shoppingserver\node_modules\@eggjs\router\lib\egg_router.js:322:18)
    at dispatch (F:\shoppingserver\node_modules\koa-compose\index.js:44:32)
    at next (F:\shoppingserver\node_modules\koa-compose\index.js:45:18)
    at F:\shoppingserver\node_modules\@eggjs\router\lib\router.js:190:18
    at dispatch (F:\shoppingserver\node_modules\koa-compose\index.js:44:32)
    at F:\shoppingserver\node_modules\koa-compose\index.js:36:12

pid: 7020
hostname: YLMF-1706051644

2020-01-09 19:21:24,710 ERROR 7020 [-/127.0.0.1/-/0ms GET /show] nodejs.ReferenceError: service is not defined
    at CommodityController.info (F:\shoppingserver\app\controller\commodity.js:8:24)
    at Object.callFn (F:\shoppingserver\node_modules\egg-core\lib\utils\index.js:44:21)
    at Object.classControllerMiddleware (F:\shoppingserver\node_modules\egg-core\lib\loader\mixin\controller.js:87:20)
    at Object.callFn (F:\shoppingserver\node_modules\@eggjs\router\lib\utils.js:12:21)
    at wrappedController (F:\shoppingserver\node_modules\@eggjs\router\lib\egg_router.js:322:18)
    at dispatch (F:\shoppingserver\node_modules\koa-compose\index.js:44:32)
    at next (F:\shoppingserver\node_modules\koa-compose\index.js:45:18)
    at F:\shoppingserver\node_modules\@eggjs\router\lib\router.js:190:18
    at dispatch (F:\shoppingserver\node_modules\koa-compose\index.js:44:32)
    at F:\shoppingserver\node_modules\koa-compose\index.js:36:12

pid: 7020
hostname: YLMF-1706051644

2020-01-09 19:21:34,700 ERROR 7020 [-/127.0.0.1/-/0ms GET /show] nodejs.ReferenceError: service is not defined
    at CommodityController.info (F:\shoppingserver\app\controller\commodity.js:8:24)
    at Object.callFn (F:\shoppingserver\node_modules\egg-core\lib\utils\index.js:44:21)
    at Object.classControllerMiddleware (F:\shoppingserver\node_modules\egg-core\lib\loader\mixin\controller.js:87:20)
    at Object.callFn (F:\shoppingserver\node_modules\@eggjs\router\lib\utils.js:12:21)
    at wrappedController (F:\shoppingserver\node_modules\@eggjs\router\lib\egg_router.js:322:18)
    at dispatch (F:\shoppingserver\node_modules\koa-compose\index.js:44:32)
    at next (F:\shoppingserver\node_modules\koa-compose\index.js:45:18)
    at F:\shoppingserver\node_modules\@eggjs\router\lib\router.js:190:18
    at dispatch (F:\shoppingserver\node_modules\koa-compose\index.js:44:32)
    at F:\shoppingserver\node_modules\koa-compose\index.js:36:12

pid: 7020
hostname: YLMF-1706051644

2020-01-09 19:22:09,746 ERROR 7020 [-/127.0.0.1/-/1ms GET /show] nodejs.ReferenceError: service is not defined
    at CommodityController.info (F:\shoppingserver\app\controller\commodity.js:8:24)
    at Object.callFn (F:\shoppingserver\node_modules\egg-core\lib\utils\index.js:44:21)
    at Object.classControllerMiddleware (F:\shoppingserver\node_modules\egg-core\lib\loader\mixin\controller.js:87:20)
    at Object.callFn (F:\shoppingserver\node_modules\@eggjs\router\lib\utils.js:12:21)
    at wrappedController (F:\shoppingserver\node_modules\@eggjs\router\lib\egg_router.js:322:18)
    at dispatch (F:\shoppingserver\node_modules\koa-compose\index.js:44:32)
    at next (F:\shoppingserver\node_modules\koa-compose\index.js:45:18)
    at F:\shoppingserver\node_modules\@eggjs\router\lib\router.js:190:18
    at dispatch (F:\shoppingserver\node_modules\koa-compose\index.js:44:32)
    at F:\shoppingserver\node_modules\koa-compose\index.js:36:12

pid: 7020
hostname: YLMF-1706051644

2020-01-09 19:23:24,579 ERROR 7020 [-/127.0.0.1/-/0ms GET /show] nodejs.ReferenceError: service is not defined
    at CommodityController.info (F:\shoppingserver\app\controller\commodity.js:8:24)
    at Object.callFn (F:\shoppingserver\node_modules\egg-core\lib\utils\index.js:44:21)
    at Object.classControllerMiddleware (F:\shoppingserver\node_modules\egg-core\lib\loader\mixin\controller.js:87:20)
    at Object.callFn (F:\shoppingserver\node_modules\@eggjs\router\lib\utils.js:12:21)
    at wrappedController (F:\shoppingserver\node_modules\@eggjs\router\lib\egg_router.js:322:18)
    at dispatch (F:\shoppingserver\node_modules\koa-compose\index.js:44:32)
    at next (F:\shoppingserver\node_modules\koa-compose\index.js:45:18)
    at F:\shoppingserver\node_modules\@eggjs\router\lib\router.js:190:18
    at dispatch (F:\shoppingserver\node_modules\koa-compose\index.js:44:32)
    at F:\shoppingserver\node_modules\koa-compose\index.js:36:12

pid: 7020
hostname: YLMF-1706051644

2020-01-09 19:54:51,372 ERROR 10860 [-/127.0.0.1/-/5ms GET /show] nodejs.ReferenceError: service is not defined
    at CommodityController.info (F:\shoppingserver\app\controller\commodity.js:8:24)
    at Object.callFn (F:\shoppingserver\node_modules\egg-core\lib\utils\index.js:44:21)
    at Object.classControllerMiddleware (F:\shoppingserver\node_modules\egg-core\lib\loader\mixin\controller.js:87:20)
    at Object.callFn (F:\shoppingserver\node_modules\@eggjs\router\lib\utils.js:12:21)
    at wrappedController (F:\shoppingserver\node_modules\@eggjs\router\lib\egg_router.js:322:18)
    at dispatch (F:\shoppingserver\node_modules\koa-compose\index.js:44:32)
    at next (F:\shoppingserver\node_modules\koa-compose\index.js:45:18)
    at F:\shoppingserver\node_modules\@eggjs\router\lib\router.js:190:18
    at dispatch (F:\shoppingserver\node_modules\koa-compose\index.js:44:32)
    at F:\shoppingserver\node_modules\koa-compose\index.js:36:12

pid: 10860
hostname: YLMF-1706051644

2020-01-09 20:21:35,612 ERROR 10860 [-/127.0.0.1/-/1ms GET /show] nodejs.ReferenceError: service is not defined
    at CommodityController.info (F:\shoppingserver\app\controller\commodity.js:8:24)
    at Object.callFn (F:\shoppingserver\node_modules\egg-core\lib\utils\index.js:44:21)
    at Object.classControllerMiddleware (F:\shoppingserver\node_modules\egg-core\lib\loader\mixin\controller.js:87:20)
    at Object.callFn (F:\shoppingserver\node_modules\@eggjs\router\lib\utils.js:12:21)
    at wrappedController (F:\shoppingserver\node_modules\@eggjs\router\lib\egg_router.js:322:18)
    at dispatch (F:\shoppingserver\node_modules\koa-compose\index.js:44:32)
    at next (F:\shoppingserver\node_modules\koa-compose\index.js:45:18)
    at F:\shoppingserver\node_modules\@eggjs\router\lib\router.js:190:18
    at dispatch (F:\shoppingserver\node_modules\koa-compose\index.js:44:32)
    at F:\shoppingserver\node_modules\koa-compose\index.js:36:12

pid: 10860
hostname: YLMF-1706051644

2020-01-09 20:33:20,272 ERROR 10860 [-/127.0.0.1/-/1ms GET /show] nodejs.ReferenceError: service is not defined
    at CommodityController.info (F:\shoppingserver\app\controller\commodity.js:8:24)
    at Object.callFn (F:\shoppingserver\node_modules\egg-core\lib\utils\index.js:44:21)
    at Object.classControllerMiddleware (F:\shoppingserver\node_modules\egg-core\lib\loader\mixin\controller.js:87:20)
    at Object.callFn (F:\shoppingserver\node_modules\@eggjs\router\lib\utils.js:12:21)
    at wrappedController (F:\shoppingserver\node_modules\@eggjs\router\lib\egg_router.js:322:18)
    at dispatch (F:\shoppingserver\node_modules\koa-compose\index.js:44:32)
    at next (F:\shoppingserver\node_modules\koa-compose\index.js:45:18)
    at F:\shoppingserver\node_modules\@eggjs\router\lib\router.js:190:18
    at dispatch (F:\shoppingserver\node_modules\koa-compose\index.js:44:32)
    at F:\shoppingserver\node_modules\koa-compose\index.js:36:12

pid: 10860
hostname: YLMF-1706051644

2020-01-09 20:33:23,327 ERROR 10860 [-/127.0.0.1/-/1ms GET /show] nodejs.ReferenceError: service is not defined
    at CommodityController.info (F:\shoppingserver\app\controller\commodity.js:8:24)
    at Object.callFn (F:\shoppingserver\node_modules\egg-core\lib\utils\index.js:44:21)
    at Object.classControllerMiddleware (F:\shoppingserver\node_modules\egg-core\lib\loader\mixin\controller.js:87:20)
    at Object.callFn (F:\shoppingserver\node_modules\@eggjs\router\lib\utils.js:12:21)
    at wrappedController (F:\shoppingserver\node_modules\@eggjs\router\lib\egg_router.js:322:18)
    at dispatch (F:\shoppingserver\node_modules\koa-compose\index.js:44:32)
    at next (F:\shoppingserver\node_modules\koa-compose\index.js:45:18)
    at F:\shoppingserver\node_modules\@eggjs\router\lib\router.js:190:18
    at dispatch (F:\shoppingserver\node_modules\koa-compose\index.js:44:32)
    at F:\shoppingserver\node_modules\koa-compose\index.js:36:12

pid: 10860
hostname: YLMF-1706051644

2020-01-09 20:43:18,362 ERROR 10860 [-/127.0.0.1/-/1ms GET /show] nodejs.ReferenceError: service is not defined
    at CommodityController.info (F:\shoppingserver\app\controller\commodity.js:8:24)
    at Object.callFn (F:\shoppingserver\node_modules\egg-core\lib\utils\index.js:44:21)
    at Object.classControllerMiddleware (F:\shoppingserver\node_modules\egg-core\lib\loader\mixin\controller.js:87:20)
    at Object.callFn (F:\shoppingserver\node_modules\@eggjs\router\lib\utils.js:12:21)
    at wrappedController (F:\shoppingserver\node_modules\@eggjs\router\lib\egg_router.js:322:18)
    at dispatch (F:\shoppingserver\node_modules\koa-compose\index.js:44:32)
    at next (F:\shoppingserver\node_modules\koa-compose\index.js:45:18)
    at F:\shoppingserver\node_modules\@eggjs\router\lib\router.js:190:18
    at dispatch (F:\shoppingserver\node_modules\koa-compose\index.js:44:32)
    at F:\shoppingserver\node_modules\koa-compose\index.js:36:12

pid: 10860
hostname: YLMF-1706051644

2020-01-09 20:43:59,450 ERROR 10860 [-/127.0.0.1/-/1ms GET /show] nodejs.ReferenceError: service is not defined
    at CommodityController.info (F:\shoppingserver\app\controller\commodity.js:8:24)
    at Object.callFn (F:\shoppingserver\node_modules\egg-core\lib\utils\index.js:44:21)
    at Object.classControllerMiddleware (F:\shoppingserver\node_modules\egg-core\lib\loader\mixin\controller.js:87:20)
    at Object.callFn (F:\shoppingserver\node_modules\@eggjs\router\lib\utils.js:12:21)
    at wrappedController (F:\shoppingserver\node_modules\@eggjs\router\lib\egg_router.js:322:18)
    at dispatch (F:\shoppingserver\node_modules\koa-compose\index.js:44:32)
    at next (F:\shoppingserver\node_modules\koa-compose\index.js:45:18)
    at F:\shoppingserver\node_modules\@eggjs\router\lib\router.js:190:18
    at dispatch (F:\shoppingserver\node_modules\koa-compose\index.js:44:32)
    at F:\shoppingserver\node_modules\koa-compose\index.js:36:12

pid: 10860
hostname: YLMF-1706051644

2020-01-09 20:45:36,206 ERROR 10860 [-/127.0.0.1/-/1ms GET /show] nodejs.ReferenceError: service is not defined
    at CommodityController.info (F:\shoppingserver\app\controller\commodity.js:8:24)
    at Object.callFn (F:\shoppingserver\node_modules\egg-core\lib\utils\index.js:44:21)
    at Object.classControllerMiddleware (F:\shoppingserver\node_modules\egg-core\lib\loader\mixin\controller.js:87:20)
    at Object.callFn (F:\shoppingserver\node_modules\@eggjs\router\lib\utils.js:12:21)
    at wrappedController (F:\shoppingserver\node_modules\@eggjs\router\lib\egg_router.js:322:18)
    at dispatch (F:\shoppingserver\node_modules\koa-compose\index.js:44:32)
    at next (F:\shoppingserver\node_modules\koa-compose\index.js:45:18)
    at F:\shoppingserver\node_modules\@eggjs\router\lib\router.js:190:18
    at dispatch (F:\shoppingserver\node_modules\koa-compose\index.js:44:32)
    at F:\shoppingserver\node_modules\koa-compose\index.js:36:12

pid: 10860
hostname: YLMF-1706051644

2020-01-09 20:47:25,123 ERROR 18236 [-/127.0.0.1/-/5ms GET /show] nodejs.ReferenceError: service is not defined
    at CommodityController.info (F:\shoppingserver\app\controller\commodity.js:8:24)
    at Object.callFn (F:\shoppingserver\node_modules\egg-core\lib\utils\index.js:44:21)
    at Object.classControllerMiddleware (F:\shoppingserver\node_modules\egg-core\lib\loader\mixin\controller.js:87:20)
    at Object.callFn (F:\shoppingserver\node_modules\@eggjs\router\lib\utils.js:12:21)
    at wrappedController (F:\shoppingserver\node_modules\@eggjs\router\lib\egg_router.js:322:18)
    at dispatch (F:\shoppingserver\node_modules\koa-compose\index.js:44:32)
    at next (F:\shoppingserver\node_modules\koa-compose\index.js:45:18)
    at F:\shoppingserver\node_modules\@eggjs\router\lib\router.js:190:18
    at dispatch (F:\shoppingserver\node_modules\koa-compose\index.js:44:32)
    at F:\shoppingserver\node_modules\koa-compose\index.js:36:12
headers: {"Access-Control-Allow-Origin":"http://localhost","Access-Control-Allow-Credentials":"true","vary":"Origin"}
pid: 18236
hostname: YLMF-1706051644

2020-01-09 20:48:17,609 ERROR 6492 [-/127.0.0.1/-/5ms GET /show] nodejs.ReferenceError: serve is not defined
    at CommodityController.info (F:\shoppingserver\app\controller\commodity.js:8:24)
    at Object.callFn (F:\shoppingserver\node_modules\egg-core\lib\utils\index.js:44:21)
    at Object.classControllerMiddleware (F:\shoppingserver\node_modules\egg-core\lib\loader\mixin\controller.js:87:20)
    at Object.callFn (F:\shoppingserver\node_modules\@eggjs\router\lib\utils.js:12:21)
    at wrappedController (F:\shoppingserver\node_modules\@eggjs\router\lib\egg_router.js:322:18)
    at dispatch (F:\shoppingserver\node_modules\koa-compose\index.js:44:32)
    at next (F:\shoppingserver\node_modules\koa-compose\index.js:45:18)
    at F:\shoppingserver\node_modules\@eggjs\router\lib\router.js:190:18
    at dispatch (F:\shoppingserver\node_modules\koa-compose\index.js:44:32)
    at F:\shoppingserver\node_modules\koa-compose\index.js:36:12
headers: {"Access-Control-Allow-Origin":"http://localhost","Access-Control-Allow-Credentials":"true","vary":"Origin"}
pid: 6492
hostname: YLMF-1706051644

2020-01-09 20:48:36,859 ERROR 1252 [-/127.0.0.1/-/40ms GET /show] nodejs.TypeError: Cannot read property 'data' of undefined
    at CommodityController.info (F:\shoppingserver\app\controller\commodity.js:8:37)
    at Object.callFn (F:\shoppingserver\node_modules\egg-core\lib\utils\index.js:44:21)
    at Object.classControllerMiddleware (F:\shoppingserver\node_modules\egg-core\lib\loader\mixin\controller.js:87:20)
    at Object.callFn (F:\shoppingserver\node_modules\@eggjs\router\lib\utils.js:12:21)
    at wrappedController (F:\shoppingserver\node_modules\@eggjs\router\lib\egg_router.js:322:18)
    at dispatch (F:\shoppingserver\node_modules\koa-compose\index.js:44:32)
    at next (F:\shoppingserver\node_modules\koa-compose\index.js:45:18)
    at F:\shoppingserver\node_modules\@eggjs\router\lib\router.js:190:18
    at dispatch (F:\shoppingserver\node_modules\koa-compose\index.js:44:32)
    at F:\shoppingserver\node_modules\koa-compose\index.js:36:12
headers: {"Access-Control-Allow-Origin":"http://localhost","Access-Control-Allow-Credentials":"true","vary":"Origin"}
pid: 1252
hostname: YLMF-1706051644

2020-01-09 20:49:40,239 ERROR 2452 [-/127.0.0.1/-/5ms GET /show] nodejs.TypeError: Cannot read property 'Commodity' of undefined
    at CommodityController.info (F:\shoppingserver\app\controller\commodity.js:8:37)
    at Object.callFn (F:\shoppingserver\node_modules\egg-core\lib\utils\index.js:44:21)
    at Object.classControllerMiddleware (F:\shoppingserver\node_modules\egg-core\lib\loader\mixin\controller.js:87:20)
    at Object.callFn (F:\shoppingserver\node_modules\@eggjs\router\lib\utils.js:12:21)
    at wrappedController (F:\shoppingserver\node_modules\@eggjs\router\lib\egg_router.js:322:18)
    at dispatch (F:\shoppingserver\node_modules\koa-compose\index.js:44:32)
    at next (F:\shoppingserver\node_modules\koa-compose\index.js:45:18)
    at F:\shoppingserver\node_modules\@eggjs\router\lib\router.js:190:18
    at dispatch (F:\shoppingserver\node_modules\koa-compose\index.js:44:32)
    at F:\shoppingserver\node_modules\koa-compose\index.js:36:12
headers: {"Access-Control-Allow-Origin":"http://localhost","Access-Control-Allow-Credentials":"true","vary":"Origin"}
pid: 2452
hostname: YLMF-1706051644

2020-01-09 20:50:24,866 ERROR 5884 [-/127.0.0.1/-/5ms GET /show] nodejs.TypeError: Cannot read property 'course' of undefined
    at CommodityController.info (F:\shoppingserver\app\controller\commodity.js:8:37)
    at Object.callFn (F:\shoppingserver\node_modules\egg-core\lib\utils\index.js:44:21)
    at Object.classControllerMiddleware (F:\shoppingserver\node_modules\egg-core\lib\loader\mixin\controller.js:87:20)
    at Object.callFn (F:\shoppingserver\node_modules\@eggjs\router\lib\utils.js:12:21)
    at wrappedController (F:\shoppingserver\node_modules\@eggjs\router\lib\egg_router.js:322:18)
    at dispatch (F:\shoppingserver\node_modules\koa-compose\index.js:44:32)
    at next (F:\shoppingserver\node_modules\koa-compose\index.js:45:18)
    at F:\shoppingserver\node_modules\@eggjs\router\lib\router.js:190:18
    at dispatch (F:\shoppingserver\node_modules\koa-compose\index.js:44:32)
    at F:\shoppingserver\node_modules\koa-compose\index.js:36:12
headers: {"Access-Control-Allow-Origin":"http://localhost","Access-Control-Allow-Credentials":"true","vary":"Origin"}
pid: 5884
hostname: YLMF-1706051644

2020-01-09 20:52:05,750 ERROR 5448 [-/127.0.0.1/-/8ms GET /show] nodejs.TypeError: Cannot read property 'commodity' of undefined
    at CommodityController.info (F:\shoppingserver\app\controller\commodity.js:8:37)
    at Object.callFn (F:\shoppingserver\node_modules\egg-core\lib\utils\index.js:44:21)
    at Object.classControllerMiddleware (F:\shoppingserver\node_modules\egg-core\lib\loader\mixin\controller.js:87:20)
    at Object.callFn (F:\shoppingserver\node_modules\@eggjs\router\lib\utils.js:12:21)
    at wrappedController (F:\shoppingserver\node_modules\@eggjs\router\lib\egg_router.js:322:18)
    at dispatch (F:\shoppingserver\node_modules\koa-compose\index.js:44:32)
    at next (F:\shoppingserver\node_modules\koa-compose\index.js:45:18)
    at F:\shoppingserver\node_modules\@eggjs\router\lib\router.js:190:18
    at dispatch (F:\shoppingserver\node_modules\koa-compose\index.js:44:32)
    at F:\shoppingserver\node_modules\koa-compose\index.js:36:12
headers: {"Access-Control-Allow-Origin":"http://localhost","Access-Control-Allow-Credentials":"true","vary":"Origin"}
pid: 5448
hostname: YLMF-1706051644

2020-01-09 20:55:33,157 ERROR 5816 [-/127.0.0.1/-/5ms GET /show] nodejs.TypeError: Cannot read property 'commodity' of undefined
    at CommodityController.info (F:\shoppingserver\app\controller\commodity.js:8:37)
    at Object.callFn (F:\shoppingserver\node_modules\egg-core\lib\utils\index.js:44:21)
    at Object.classControllerMiddleware (F:\shoppingserver\node_modules\egg-core\lib\loader\mixin\controller.js:87:20)
    at Object.callFn (F:\shoppingserver\node_modules\@eggjs\router\lib\utils.js:12:21)
    at wrappedController (F:\shoppingserver\node_modules\@eggjs\router\lib\egg_router.js:322:18)
    at dispatch (F:\shoppingserver\node_modules\koa-compose\index.js:44:32)
    at next (F:\shoppingserver\node_modules\koa-compose\index.js:45:18)
    at F:\shoppingserver\node_modules\@eggjs\router\lib\router.js:190:18
    at dispatch (F:\shoppingserver\node_modules\koa-compose\index.js:44:32)
    at F:\shoppingserver\node_modules\koa-compose\index.js:36:12
headers: {"Access-Control-Allow-Origin":"http://localhost","Access-Control-Allow-Credentials":"true","vary":"Origin"}
pid: 5816
hostname: YLMF-1706051644

2020-01-09 20:57:09,650 ERROR 6556 [-/127.0.0.1/-/5ms GET /show] nodejs.TypeError: Cannot read property 'info' of undefined
    at CommodityController.info (F:\shoppingserver\app\controller\commodity.js:8:48)
    at Object.callFn (F:\shoppingserver\node_modules\egg-core\lib\utils\index.js:44:21)
    at Object.classControllerMiddleware (F:\shoppingserver\node_modules\egg-core\lib\loader\mixin\controller.js:87:20)
    at Object.callFn (F:\shoppingserver\node_modules\@eggjs\router\lib\utils.js:12:21)
    at wrappedController (F:\shoppingserver\node_modules\@eggjs\router\lib\egg_router.js:322:18)
    at dispatch (F:\shoppingserver\node_modules\koa-compose\index.js:44:32)
    at next (F:\shoppingserver\node_modules\koa-compose\index.js:45:18)
    at F:\shoppingserver\node_modules\@eggjs\router\lib\router.js:190:18
    at dispatch (F:\shoppingserver\node_modules\koa-compose\index.js:44:32)
    at F:\shoppingserver\node_modules\koa-compose\index.js:36:12
headers: {"Access-Control-Allow-Origin":"http://localhost","Access-Control-Allow-Credentials":"true","vary":"Origin"}
pid: 6556
hostname: YLMF-1706051644

2020-01-09 20:59:45,834 ERROR 6556 [-/127.0.0.1/-/1ms GET /show] nodejs.TypeError: Cannot read property 'info' of undefined
    at CommodityController.info (F:\shoppingserver\app\controller\commodity.js:8:48)
    at Object.callFn (F:\shoppingserver\node_modules\egg-core\lib\utils\index.js:44:21)
    at Object.classControllerMiddleware (F:\shoppingserver\node_modules\egg-core\lib\loader\mixin\controller.js:87:20)
    at Object.callFn (F:\shoppingserver\node_modules\@eggjs\router\lib\utils.js:12:21)
    at wrappedController (F:\shoppingserver\node_modules\@eggjs\router\lib\egg_router.js:322:18)
    at dispatch (F:\shoppingserver\node_modules\koa-compose\index.js:44:32)
    at next (F:\shoppingserver\node_modules\koa-compose\index.js:45:18)
    at F:\shoppingserver\node_modules\@eggjs\router\lib\router.js:190:18
    at dispatch (F:\shoppingserver\node_modules\koa-compose\index.js:44:32)
    at F:\shoppingserver\node_modules\koa-compose\index.js:36:12
headers: {"Access-Control-Allow-Origin":"http://localhost","Access-Control-Allow-Credentials":"true","vary":"Origin"}
pid: 6556
hostname: YLMF-1706051644

2020-01-10 11:25:06,270 ERROR 9168 [-/127.0.0.1/-/35ms GET /show] nodejs.TypeError: Cannot read property 'info' of undefined
    at CommodityController.info (F:\shoppingserver\app\controller\commodity.js:8:48)
    at Object.callFn (F:\shoppingserver\node_modules\egg-core\lib\utils\index.js:44:21)
    at Object.classControllerMiddleware (F:\shoppingserver\node_modules\egg-core\lib\loader\mixin\controller.js:87:20)
    at Object.callFn (F:\shoppingserver\node_modules\@eggjs\router\lib\utils.js:12:21)
    at wrappedController (F:\shoppingserver\node_modules\@eggjs\router\lib\egg_router.js:322:18)
    at dispatch (F:\shoppingserver\node_modules\koa-compose\index.js:44:32)
    at next (F:\shoppingserver\node_modules\koa-compose\index.js:45:18)
    at F:\shoppingserver\node_modules\@eggjs\router\lib\router.js:190:18
    at dispatch (F:\shoppingserver\node_modules\koa-compose\index.js:44:32)
    at F:\shoppingserver\node_modules\koa-compose\index.js:36:12
headers: {"Access-Control-Allow-Origin":"http://localhost","Access-Control-Allow-Credentials":"true","vary":"Origin"}
pid: 9168
hostname: YLMF-1706051644

2020-01-10 11:25:47,498 ERROR 9168 [-/127.0.0.1/-/1ms GET /show] nodejs.TypeError: Cannot read property 'info' of undefined
    at CommodityController.info (F:\shoppingserver\app\controller\commodity.js:8:48)
    at Object.callFn (F:\shoppingserver\node_modules\egg-core\lib\utils\index.js:44:21)
    at Object.classControllerMiddleware (F:\shoppingserver\node_modules\egg-core\lib\loader\mixin\controller.js:87:20)
    at Object.callFn (F:\shoppingserver\node_modules\@eggjs\router\lib\utils.js:12:21)
    at wrappedController (F:\shoppingserver\node_modules\@eggjs\router\lib\egg_router.js:322:18)
    at dispatch (F:\shoppingserver\node_modules\koa-compose\index.js:44:32)
    at next (F:\shoppingserver\node_modules\koa-compose\index.js:45:18)
    at F:\shoppingserver\node_modules\@eggjs\router\lib\router.js:190:18
    at dispatch (F:\shoppingserver\node_modules\koa-compose\index.js:44:32)
    at F:\shoppingserver\node_modules\koa-compose\index.js:36:12
headers: {"Access-Control-Allow-Origin":"http://localhost","Access-Control-Allow-Credentials":"true","vary":"Origin"}
pid: 9168
hostname: YLMF-1706051644

2020-01-10 11:27:14,349 ERROR 12776 [-/127.0.0.1/-/4ms GET /show] nodejs.TypeError: Cannot read property 'info' of undefined
    at CommodityController.info (F:\shoppingserver\app\controller\commodity.js:8:48)
    at Object.callFn (F:\shoppingserver\node_modules\egg-core\lib\utils\index.js:44:21)
    at Object.classControllerMiddleware (F:\shoppingserver\node_modules\egg-core\lib\loader\mixin\controller.js:87:20)
    at Object.callFn (F:\shoppingserver\node_modules\@eggjs\router\lib\utils.js:12:21)
    at wrappedController (F:\shoppingserver\node_modules\@eggjs\router\lib\egg_router.js:322:18)
    at dispatch (F:\shoppingserver\node_modules\koa-compose\index.js:44:32)
    at next (F:\shoppingserver\node_modules\koa-compose\index.js:45:18)
    at F:\shoppingserver\node_modules\@eggjs\router\lib\router.js:190:18
    at dispatch (F:\shoppingserver\node_modules\koa-compose\index.js:44:32)
    at F:\shoppingserver\node_modules\koa-compose\index.js:36:12
headers: {"Access-Control-Allow-Origin":"http://localhost","Access-Control-Allow-Credentials":"true","vary":"Origin"}
pid: 12776
hostname: YLMF-1706051644

2020-01-10 16:13:43,124 ERROR 14792 [-/127.0.0.1/-/364ms POST /add] nodejs.ER_BAD_FIELD_ERRORError: ER_BAD_FIELD_ERROR: Unknown column '{"img":"http://img' in 'field list'
    at Query.Sequence._packetToError (F:\shoppingserver\node_modules\_mysql@2.17.1@mysql\lib\protocol\sequences\Sequence.js:47:14)
    at Query.ErrorPacket (F:\shoppingserver\node_modules\_mysql@2.17.1@mysql\lib\protocol\sequences\Query.js:77:18)
    at Protocol._parsePacket (F:\shoppingserver\node_modules\_mysql@2.17.1@mysql\lib\protocol\Protocol.js:291:23)
    at Parser._parsePacket (F:\shoppingserver\node_modules\_mysql@2.17.1@mysql\lib\protocol\Parser.js:433:10)
    at Parser.write (F:\shoppingserver\node_modules\_mysql@2.17.1@mysql\lib\protocol\Parser.js:43:10)
    at Protocol.write (F:\shoppingserver\node_modules\_mysql@2.17.1@mysql\lib\protocol\Protocol.js:38:16)
    at Socket.<anonymous> (F:\shoppingserver\node_modules\_mysql@2.17.1@mysql\lib\Connection.js:91:28)
    at Socket.<anonymous> (F:\shoppingserver\node_modules\_mysql@2.17.1@mysql\lib\Connection.js:525:10)
    at Socket.emit (events.js:210:5)
    at addChunk (_stream_readable.js:309:12)
    --------------------
    at Pool.query (F:\shoppingserver\node_modules\_mysql@2.17.1@mysql\lib\Pool.js:199:23)
    at F:\shoppingserver\node_modules\_pify@2.3.0@pify\index.js:29:7
    at new Promise (<anonymous>)
    at Pool.<anonymous> (F:\shoppingserver\node_modules\_pify@2.3.0@pify\index.js:12:10)
    at Pool.ret [as query] (F:\shoppingserver\node_modules\_pify@2.3.0@pify\index.js:56:34)
    at RDSClient.proto._query (F:\shoppingserver\node_modules\_ali-rds@3.3.0@ali-rds\lib\client.js:34:20)
    at RDSClient.proto.query (F:\shoppingserver\node_modules\_ali-rds@3.3.0@ali-rds\lib\operator.js:54:29)
    at proto.query.next (<anonymous>)
    at onFulfilled (F:\shoppingserver\node_modules\_co@4.6.0@co\index.js:65:19)
    at F:\shoppingserver\node_modules\_co@4.6.0@co\index.js:54:5
    sql: INSERT INTO `buy`(`{"img":"http://img`) VALUES('[object Object]')
code: "ER_BAD_FIELD_ERROR"
errno: 1054
sqlMessage: "Unknown column '{\"img\":\"http://img' in 'field list'"
sqlState: "42S22"
index: 0
sql: "INSERT INTO `buy`(`{\"img\":\"http://img`) VALUES('[object Object]')"
headers: {"Access-Control-Allow-Origin":"http://localhost","Access-Control-Allow-Credentials":"true","vary":"Origin"}
name: "ER_BAD_FIELD_ERRORError"
pid: 14792
hostname: YLMF-1706051644

2020-01-10 16:14:21,878 ERROR 14792 [-/127.0.0.1/-/2ms POST /add] nodejs.ER_BAD_FIELD_ERRORError: ER_BAD_FIELD_ERROR: Unknown column '{"img":"http://img' in 'field list'
    at Query.Sequence._packetToError (F:\shoppingserver\node_modules\_mysql@2.17.1@mysql\lib\protocol\sequences\Sequence.js:47:14)
    at Query.ErrorPacket (F:\shoppingserver\node_modules\_mysql@2.17.1@mysql\lib\protocol\sequences\Query.js:77:18)
    at Protocol._parsePacket (F:\shoppingserver\node_modules\_mysql@2.17.1@mysql\lib\protocol\Protocol.js:291:23)
    at Parser._parsePacket (F:\shoppingserver\node_modules\_mysql@2.17.1@mysql\lib\protocol\Parser.js:433:10)
    at Parser.write (F:\shoppingserver\node_modules\_mysql@2.17.1@mysql\lib\protocol\Parser.js:43:10)
    at Protocol.write (F:\shoppingserver\node_modules\_mysql@2.17.1@mysql\lib\protocol\Protocol.js:38:16)
    at Socket.<anonymous> (F:\shoppingserver\node_modules\_mysql@2.17.1@mysql\lib\Connection.js:91:28)
    at Socket.<anonymous> (F:\shoppingserver\node_modules\_mysql@2.17.1@mysql\lib\Connection.js:525:10)
    at Socket.emit (events.js:210:5)
    at addChunk (_stream_readable.js:309:12)
    --------------------
    at Pool.query (F:\shoppingserver\node_modules\_mysql@2.17.1@mysql\lib\Pool.js:199:23)
    at F:\shoppingserver\node_modules\_pify@2.3.0@pify\index.js:29:7
    at new Promise (<anonymous>)
    at Pool.<anonymous> (F:\shoppingserver\node_modules\_pify@2.3.0@pify\index.js:12:10)
    at Pool.ret [as query] (F:\shoppingserver\node_modules\_pify@2.3.0@pify\index.js:56:34)
    at RDSClient.proto._query (F:\shoppingserver\node_modules\_ali-rds@3.3.0@ali-rds\lib\client.js:34:20)
    at RDSClient.proto.query (F:\shoppingserver\node_modules\_ali-rds@3.3.0@ali-rds\lib\operator.js:54:29)
    at proto.query.next (<anonymous>)
    at onFulfilled (F:\shoppingserver\node_modules\_co@4.6.0@co\index.js:65:19)
    at F:\shoppingserver\node_modules\_co@4.6.0@co\index.js:54:5
    sql: INSERT INTO `buy`(`{"img":"http://img`) VALUES('[object Object]')
code: "ER_BAD_FIELD_ERROR"
errno: 1054
sqlMessage: "Unknown column '{\"img\":\"http://img' in 'field list'"
sqlState: "42S22"
index: 0
sql: "INSERT INTO `buy`(`{\"img\":\"http://img`) VALUES('[object Object]')"
headers: {"Access-Control-Allow-Origin":"http://localhost","Access-Control-Allow-Credentials":"true","vary":"Origin"}
name: "ER_BAD_FIELD_ERRORError"
pid: 14792
hostname: YLMF-1706051644

2020-01-10 16:15:15,094 ERROR 10740 [-/127.0.0.1/-/13ms POST /add] nodejs.ER_BAD_FIELD_ERRORError: ER_BAD_FIELD_ERROR: Unknown column '{"img":"http://img' in 'field list'
    at Query.Sequence._packetToError (F:\shoppingserver\node_modules\_mysql@2.17.1@mysql\lib\protocol\sequences\Sequence.js:47:14)
    at Query.ErrorPacket (F:\shoppingserver\node_modules\_mysql@2.17.1@mysql\lib\protocol\sequences\Query.js:77:18)
    at Protocol._parsePacket (F:\shoppingserver\node_modules\_mysql@2.17.1@mysql\lib\protocol\Protocol.js:291:23)
    at Parser._parsePacket (F:\shoppingserver\node_modules\_mysql@2.17.1@mysql\lib\protocol\Parser.js:433:10)
    at Parser.write (F:\shoppingserver\node_modules\_mysql@2.17.1@mysql\lib\protocol\Parser.js:43:10)
    at Protocol.write (F:\shoppingserver\node_modules\_mysql@2.17.1@mysql\lib\protocol\Protocol.js:38:16)
    at Socket.<anonymous> (F:\shoppingserver\node_modules\_mysql@2.17.1@mysql\lib\Connection.js:91:28)
    at Socket.<anonymous> (F:\shoppingserver\node_modules\_mysql@2.17.1@mysql\lib\Connection.js:525:10)
    at Socket.emit (events.js:210:5)
    at addChunk (_stream_readable.js:309:12)
    --------------------
    at Pool.query (F:\shoppingserver\node_modules\_mysql@2.17.1@mysql\lib\Pool.js:199:23)
    at F:\shoppingserver\node_modules\_pify@2.3.0@pify\index.js:29:7
    at new Promise (<anonymous>)
    at Pool.<anonymous> (F:\shoppingserver\node_modules\_pify@2.3.0@pify\index.js:12:10)
    at Pool.ret [as query] (F:\shoppingserver\node_modules\_pify@2.3.0@pify\index.js:56:34)
    at RDSClient.proto._query (F:\shoppingserver\node_modules\_ali-rds@3.3.0@ali-rds\lib\client.js:34:20)
    at RDSClient.proto.query (F:\shoppingserver\node_modules\_ali-rds@3.3.0@ali-rds\lib\operator.js:54:29)
    at proto.query.next (<anonymous>)
    at onFulfilled (F:\shoppingserver\node_modules\_co@4.6.0@co\index.js:65:19)
    at F:\shoppingserver\node_modules\_co@4.6.0@co\index.js:54:5
    sql: INSERT INTO `buy`(`{"img":"http://img`) VALUES('[object Object]')
code: "ER_BAD_FIELD_ERROR"
errno: 1054
sqlMessage: "Unknown column '{\"img\":\"http://img' in 'field list'"
sqlState: "42S22"
index: 0
sql: "INSERT INTO `buy`(`{\"img\":\"http://img`) VALUES('[object Object]')"
headers: {"Access-Control-Allow-Origin":"http://localhost","Access-Control-Allow-Credentials":"true","vary":"Origin"}
name: "ER_BAD_FIELD_ERRORError"
pid: 10740
hostname: YLMF-1706051644

2020-01-10 16:21:17,699 ERROR 10740 [-/127.0.0.1/-/3ms POST /add] nodejs.ER_BAD_FIELD_ERRORError: ER_BAD_FIELD_ERROR: Unknown column '{"img":"http://img' in 'field list'
    at Query.Sequence._packetToError (F:\shoppingserver\node_modules\_mysql@2.17.1@mysql\lib\protocol\sequences\Sequence.js:47:14)
    at Query.ErrorPacket (F:\shoppingserver\node_modules\_mysql@2.17.1@mysql\lib\protocol\sequences\Query.js:77:18)
    at Protocol._parsePacket (F:\shoppingserver\node_modules\_mysql@2.17.1@mysql\lib\protocol\Protocol.js:291:23)
    at Parser._parsePacket (F:\shoppingserver\node_modules\_mysql@2.17.1@mysql\lib\protocol\Parser.js:433:10)
    at Parser.write (F:\shoppingserver\node_modules\_mysql@2.17.1@mysql\lib\protocol\Parser.js:43:10)
    at Protocol.write (F:\shoppingserver\node_modules\_mysql@2.17.1@mysql\lib\protocol\Protocol.js:38:16)
    at Socket.<anonymous> (F:\shoppingserver\node_modules\_mysql@2.17.1@mysql\lib\Connection.js:91:28)
    at Socket.<anonymous> (F:\shoppingserver\node_modules\_mysql@2.17.1@mysql\lib\Connection.js:525:10)
    at Socket.emit (events.js:210:5)
    at addChunk (_stream_readable.js:309:12)
    --------------------
    at Pool.query (F:\shoppingserver\node_modules\_mysql@2.17.1@mysql\lib\Pool.js:199:23)
    at F:\shoppingserver\node_modules\_pify@2.3.0@pify\index.js:29:7
    at new Promise (<anonymous>)
    at Pool.<anonymous> (F:\shoppingserver\node_modules\_pify@2.3.0@pify\index.js:12:10)
    at Pool.ret [as query] (F:\shoppingserver\node_modules\_pify@2.3.0@pify\index.js:56:34)
    at RDSClient.proto._query (F:\shoppingserver\node_modules\_ali-rds@3.3.0@ali-rds\lib\client.js:34:20)
    at RDSClient.proto.query (F:\shoppingserver\node_modules\_ali-rds@3.3.0@ali-rds\lib\operator.js:54:29)
    at proto.query.next (<anonymous>)
    at onFulfilled (F:\shoppingserver\node_modules\_co@4.6.0@co\index.js:65:19)
    at F:\shoppingserver\node_modules\_co@4.6.0@co\index.js:54:5
    sql: INSERT INTO `buy`(`{"img":"http://img`) VALUES('[object Object]')
code: "ER_BAD_FIELD_ERROR"
errno: 1054
sqlMessage: "Unknown column '{\"img\":\"http://img' in 'field list'"
sqlState: "42S22"
index: 0
sql: "INSERT INTO `buy`(`{\"img\":\"http://img`) VALUES('[object Object]')"
headers: {"Access-Control-Allow-Origin":"http://localhost","Access-Control-Allow-Credentials":"true","vary":"Origin"}
name: "ER_BAD_FIELD_ERRORError"
pid: 10740
hostname: YLMF-1706051644

2020-01-10 16:21:38,450 ERROR 10740 [-/127.0.0.1/-/1ms POST /add] nodejs.ER_BAD_FIELD_ERRORError: ER_BAD_FIELD_ERROR: Unknown column '{"img":"http://gw' in 'field list'
    at Query.Sequence._packetToError (F:\shoppingserver\node_modules\_mysql@2.17.1@mysql\lib\protocol\sequences\Sequence.js:47:14)
    at Query.ErrorPacket (F:\shoppingserver\node_modules\_mysql@2.17.1@mysql\lib\protocol\sequences\Query.js:77:18)
    at Protocol._parsePacket (F:\shoppingserver\node_modules\_mysql@2.17.1@mysql\lib\protocol\Protocol.js:291:23)
    at Parser._parsePacket (F:\shoppingserver\node_modules\_mysql@2.17.1@mysql\lib\protocol\Parser.js:433:10)
    at Parser.write (F:\shoppingserver\node_modules\_mysql@2.17.1@mysql\lib\protocol\Parser.js:43:10)
    at Protocol.write (F:\shoppingserver\node_modules\_mysql@2.17.1@mysql\lib\protocol\Protocol.js:38:16)
    at Socket.<anonymous> (F:\shoppingserver\node_modules\_mysql@2.17.1@mysql\lib\Connection.js:91:28)
    at Socket.<anonymous> (F:\shoppingserver\node_modules\_mysql@2.17.1@mysql\lib\Connection.js:525:10)
    at Socket.emit (events.js:210:5)
    at addChunk (_stream_readable.js:309:12)
    --------------------
    at Pool.query (F:\shoppingserver\node_modules\_mysql@2.17.1@mysql\lib\Pool.js:199:23)
    at F:\shoppingserver\node_modules\_pify@2.3.0@pify\index.js:29:7
    at new Promise (<anonymous>)
    at Pool.<anonymous> (F:\shoppingserver\node_modules\_pify@2.3.0@pify\index.js:12:10)
    at Pool.ret [as query] (F:\shoppingserver\node_modules\_pify@2.3.0@pify\index.js:56:34)
    at RDSClient.proto._query (F:\shoppingserver\node_modules\_ali-rds@3.3.0@ali-rds\lib\client.js:34:20)
    at RDSClient.proto.query (F:\shoppingserver\node_modules\_ali-rds@3.3.0@ali-rds\lib\operator.js:54:29)
    at proto.query.next (<anonymous>)
    at onFulfilled (F:\shoppingserver\node_modules\_co@4.6.0@co\index.js:65:19)
    at F:\shoppingserver\node_modules\_co@4.6.0@co\index.js:54:5
    sql: INSERT INTO `buy`(`{"img":"http://gw`) VALUES('[object Object]')
code: "ER_BAD_FIELD_ERROR"
errno: 1054
sqlMessage: "Unknown column '{\"img\":\"http://gw' in 'field list'"
sqlState: "42S22"
index: 0
sql: "INSERT INTO `buy`(`{\"img\":\"http://gw`) VALUES('[object Object]')"
headers: {"Access-Control-Allow-Origin":"http://localhost","Access-Control-Allow-Credentials":"true","vary":"Origin"}
name: "ER_BAD_FIELD_ERRORError"
pid: 10740
hostname: YLMF-1706051644

2020-01-10 16:24:56,272 ERROR 10740 [-/127.0.0.1/-/2ms POST /add] nodejs.ER_BAD_FIELD_ERRORError: ER_BAD_FIELD_ERROR: Unknown column '{"img":"http://img' in 'field list'
    at Query.Sequence._packetToError (F:\shoppingserver\node_modules\_mysql@2.17.1@mysql\lib\protocol\sequences\Sequence.js:47:14)
    at Query.ErrorPacket (F:\shoppingserver\node_modules\_mysql@2.17.1@mysql\lib\protocol\sequences\Query.js:77:18)
    at Protocol._parsePacket (F:\shoppingserver\node_modules\_mysql@2.17.1@mysql\lib\protocol\Protocol.js:291:23)
    at Parser._parsePacket (F:\shoppingserver\node_modules\_mysql@2.17.1@mysql\lib\protocol\Parser.js:433:10)
    at Parser.write (F:\shoppingserver\node_modules\_mysql@2.17.1@mysql\lib\protocol\Parser.js:43:10)
    at Protocol.write (F:\shoppingserver\node_modules\_mysql@2.17.1@mysql\lib\protocol\Protocol.js:38:16)
    at Socket.<anonymous> (F:\shoppingserver\node_modules\_mysql@2.17.1@mysql\lib\Connection.js:91:28)
    at Socket.<anonymous> (F:\shoppingserver\node_modules\_mysql@2.17.1@mysql\lib\Connection.js:525:10)
    at Socket.emit (events.js:210:5)
    at addChunk (_stream_readable.js:309:12)
    --------------------
    at Pool.query (F:\shoppingserver\node_modules\_mysql@2.17.1@mysql\lib\Pool.js:199:23)
    at F:\shoppingserver\node_modules\_pify@2.3.0@pify\index.js:29:7
    at new Promise (<anonymous>)
    at Pool.<anonymous> (F:\shoppingserver\node_modules\_pify@2.3.0@pify\index.js:12:10)
    at Pool.ret [as query] (F:\shoppingserver\node_modules\_pify@2.3.0@pify\index.js:56:34)
    at RDSClient.proto._query (F:\shoppingserver\node_modules\_ali-rds@3.3.0@ali-rds\lib\client.js:34:20)
    at RDSClient.proto.query (F:\shoppingserver\node_modules\_ali-rds@3.3.0@ali-rds\lib\operator.js:54:29)
    at proto.query.next (<anonymous>)
    at onFulfilled (F:\shoppingserver\node_modules\_co@4.6.0@co\index.js:65:19)
    at F:\shoppingserver\node_modules\_co@4.6.0@co\index.js:54:5
    sql: INSERT INTO `buy`(`{"img":"http://img`) VALUES('[object Object]')
code: "ER_BAD_FIELD_ERROR"
errno: 1054
sqlMessage: "Unknown column '{\"img\":\"http://img' in 'field list'"
sqlState: "42S22"
index: 0
sql: "INSERT INTO `buy`(`{\"img\":\"http://img`) VALUES('[object Object]')"
headers: {"Access-Control-Allow-Origin":"http://localhost","Access-Control-Allow-Credentials":"true","vary":"Origin"}
name: "ER_BAD_FIELD_ERRORError"
pid: 10740
hostname: YLMF-1706051644

2020-01-10 16:27:41,809 ERROR 2344 [-/127.0.0.1/-/15ms POST /add] nodejs.ER_DUP_ENTRYError: ER_DUP_ENTRY: Duplicate entry '0' for key 'PRIMARY'
    at Query.Sequence._packetToError (F:\shoppingserver\node_modules\_mysql@2.17.1@mysql\lib\protocol\sequences\Sequence.js:47:14)
    at Query.ErrorPacket (F:\shoppingserver\node_modules\_mysql@2.17.1@mysql\lib\protocol\sequences\Query.js:77:18)
    at Protocol._parsePacket (F:\shoppingserver\node_modules\_mysql@2.17.1@mysql\lib\protocol\Protocol.js:291:23)
    at Parser._parsePacket (F:\shoppingserver\node_modules\_mysql@2.17.1@mysql\lib\protocol\Parser.js:433:10)
    at Parser.write (F:\shoppingserver\node_modules\_mysql@2.17.1@mysql\lib\protocol\Parser.js:43:10)
    at Protocol.write (F:\shoppingserver\node_modules\_mysql@2.17.1@mysql\lib\protocol\Protocol.js:38:16)
    at Socket.<anonymous> (F:\shoppingserver\node_modules\_mysql@2.17.1@mysql\lib\Connection.js:91:28)
    at Socket.<anonymous> (F:\shoppingserver\node_modules\_mysql@2.17.1@mysql\lib\Connection.js:525:10)
    at Socket.emit (events.js:210:5)
    at addChunk (_stream_readable.js:309:12)
    --------------------
    at Pool.query (F:\shoppingserver\node_modules\_mysql@2.17.1@mysql\lib\Pool.js:199:23)
    at F:\shoppingserver\node_modules\_pify@2.3.0@pify\index.js:29:7
    at new Promise (<anonymous>)
    at Pool.<anonymous> (F:\shoppingserver\node_modules\_pify@2.3.0@pify\index.js:12:10)
    at Pool.ret [as query] (F:\shoppingserver\node_modules\_pify@2.3.0@pify\index.js:56:34)
    at RDSClient.proto._query (F:\shoppingserver\node_modules\_ali-rds@3.3.0@ali-rds\lib\client.js:34:20)
    at RDSClient.proto.query (F:\shoppingserver\node_modules\_ali-rds@3.3.0@ali-rds\lib\operator.js:54:29)
    at proto.query.next (<anonymous>)
    at onFulfilled (F:\shoppingserver\node_modules\_co@4.6.0@co\index.js:65:19)
    at F:\shoppingserver\node_modules\_co@4.6.0@co\index.js:54:5
    sql: INSERT INTO `buy`(`img`, `name`, `price`) VALUES('http://img.alicdn.com/bao/uploaded/i4/TB1TmeYPXXXXXawXFXXXXXXXXXX_!!0-item_pic.jpg_400x400q60.jpg', '1LINING  AWDM093-1-4', '169')
code: "ER_DUP_ENTRY"
errno: 1062
sqlMessage: "Duplicate entry '0' for key 'PRIMARY'"
sqlState: "23000"
index: 0
sql: "INSERT INTO `buy`(`img`, `name`, `price`) VALUES('http://img.alicdn.com/bao/uploaded/i4/TB1TmeYPXXXXXawXFXXXXXXXXXX_!!0-item_pic.jpg_400x400q60.jpg', '1LINING  AWDM093-1-4', '169')"
headers: {"Access-Control-Allow-Origin":"http://localhost","Access-Control-Allow-Credentials":"true","vary":"Origin"}
name: "ER_DUP_ENTRYError"
pid: 2344
hostname: YLMF-1706051644

